2016-02-24 22:46:55,959 - INFO:: From invalide to submit
2016-02-24 22:47:00,346 - INFO:: From invalide to submit
2016-02-24 22:47:38,958 - INFO:: From invalide to submit
2016-02-24 22:50:00,348 - INFO:: From invalide to submit
2016-02-24 22:50:41,838 - INFO:: From failed to be validated
2016-02-24 22:50:56,614 - INFO:: From failed to be validated
2016-02-24 22:51:26,478 - INFO:: Trying to validate form
2016-02-24 22:51:26,478 - INFO:: From failed to be validated
2016-02-24 22:54:51,824 - INFO:: Trying to validate form
2016-02-24 22:55:17,862 - INFO:: From failed to be validated
2016-02-24 22:55:20,295 - INFO:: Trying to validate form
2016-02-24 22:55:20,296 - INFO:: Invalid username entered
2016-02-24 22:55:20,297 - INFO:: From failed to be validated
2016-02-24 23:16:26,873 - INFO:: {'username': [u'Field must be between 4 and 25 characters long.'], 'csrf_token': ['CSRF token missing'], 'password': [u'This field is required.'], 'email': [u'Field must be between 6 and 35 characters long.']}
2016-02-24 23:17:27,400 - INFO:: {}
2016-02-24 23:17:34,017 - INFO:: {'password': [u'This field is required.']}
2016-02-24 23:18:27,161 - INFO:: {}
2016-02-24 23:18:34,246 - INFO:: {'password': [u'This field is required.']}
2016-02-24 23:19:18,040 - INFO:: {}
2016-02-24 23:19:20,405 - INFO:: {'password': [u'This field is required.'], 'email': [u'Field must be between 6 and 35 characters long.']}
2016-02-24 23:20:07,083 - INFO:: {}
2016-02-24 23:20:12,189 - INFO:: {'password': [u'This field is required.']}
2016-02-24 23:23:04,627 - INFO:: {}
2016-02-24 23:23:13,816 - INFO:: {}
2016-02-24 23:23:21,586 - INFO:: {'csrf_token': ['CSRF token missing']}
2016-02-24 23:23:29,736 - INFO:: {}
2016-02-24 23:23:55,945 - INFO:: {}
2016-02-24 23:24:02,170 - INFO:: Creating new user User object
2016-02-24 23:24:32,649 - INFO:: {}
2016-02-24 23:24:39,884 - INFO:: Creating new user  username : <golgoth>, email: <adufco@hotmail.fr>
2016-02-24 23:27:51,625 - INFO:: {}
2016-02-24 23:27:58,450 - INFO:: Creating new user  username : <golgoth>, email: <adufco@hotmail.fr>
2016-02-24 23:28:09,165 - INFO:: {}
2016-02-24 23:28:27,465 - INFO:: Creating new user  username : <golgoth>, email: <adufco@hotmail.fr>
2016-02-24 23:29:16,355 - INFO:: {}
2016-02-24 23:29:22,213 - INFO:: Creating new user  username : <golgoth>, email: <adufco@hotmail.fr>
2016-02-24 23:34:40,188 - INFO:: {}
2016-02-24 23:34:41,745 - INFO:: {}
2016-02-24 23:34:48,778 - INFO:: Creating new user  username : <golgoth>, email: <adufco@hotmail.fr>
2016-02-24 23:35:17,185 - INFO:: {}
2016-02-24 23:35:23,447 - INFO:: Creating new user  username : <golgoth>, email: <adufco@hotmail.fr>
2016-02-24 23:35:23,689 - INFO:: From failed to be validated
2016-02-24 23:35:30,226 - INFO:: Trying to validate form
2016-02-24 23:37:26,773 - INFO:: From failed to be validated
2016-02-24 23:37:31,251 - INFO:: Trying to validate form
2016-02-24 23:38:42,903 - INFO:: From failed to be validated
2016-02-24 23:38:45,974 - INFO:: Trying to validate form
2016-02-24 23:39:07,889 - INFO:: From failed to be validated
2016-02-24 23:39:11,139 - INFO:: Trying to validate form
2016-02-24 23:40:46,112 - INFO:: From failed to be validated
2016-02-24 23:40:49,059 - INFO:: Trying to validate form
2016-02-24 23:40:49,301 - INFO:: Logged on user golgoth successfully
2016-02-24 23:41:31,257 - INFO:: From failed to be validated
2016-02-24 23:41:34,786 - INFO:: Trying to validate form
2016-02-24 23:41:35,025 - INFO:: Logged on user golgoth successfully
2016-02-24 23:41:46,980 - INFO:: Trying to validate form
2016-02-24 23:41:47,217 - INFO:: Invalid password entered
2016-02-24 23:41:47,218 - INFO:: From failed to be validated
2016-02-24 23:42:41,305 - INFO:: From failed to be validated
2016-02-24 23:42:49,109 - INFO:: From failed to be validated
2016-02-24 23:42:51,173 - INFO:: From failed to be validated
2016-02-24 23:43:37,321 - INFO:: From failed to be validated
2016-02-24 23:43:52,297 - INFO:: From failed to be validated
2016-02-24 23:44:03,289 - INFO:: From failed to be validated
2016-02-24 23:44:11,950 - INFO:: {'password': ['Passwords must match'], 'email': [u'Field must be between 6 and 35 characters long.']}
2016-02-24 23:44:33,364 - INFO:: {'password': ['Passwords must match'], 'email': [u'Field must be between 6 and 35 characters long.']}
2016-02-24 23:44:37,216 - INFO:: From failed to be validated
2016-02-24 23:44:39,426 - INFO:: Trying to validate form
2016-02-24 23:44:39,426 - INFO:: From failed to be validated
2016-02-24 23:44:42,424 - INFO:: Trying to validate form
2016-02-24 23:44:42,424 - INFO:: From failed to be validated
2016-02-24 23:44:43,292 - INFO:: Trying to validate form
2016-02-24 23:44:43,292 - INFO:: From failed to be validated
2016-02-24 23:44:44,252 - INFO:: Trying to validate form
2016-02-24 23:44:44,252 - INFO:: Invalid username entered
2016-02-24 23:44:44,253 - INFO:: From failed to be validated
2016-02-24 23:44:46,702 - INFO:: Trying to validate form
2016-02-24 23:44:46,703 - INFO:: Invalid username entered
2016-02-24 23:44:46,703 - INFO:: From failed to be validated
2016-02-24 23:45:22,162 - INFO:: From failed to be validated
2016-02-24 23:45:25,141 - INFO:: Trying to validate form
2016-02-24 23:45:25,143 - INFO:: Invalid username entered
2016-02-24 23:45:25,143 - INFO:: From failed to be validated
2016-02-24 23:45:36,502 - INFO:: Trying to validate form
2016-02-24 23:45:36,739 - INFO:: Invalid password entered
2016-02-24 23:45:36,740 - INFO:: From failed to be validated
2016-02-24 23:55:48,653 - INFO:: From failed to be validated
2016-02-24 23:55:52,737 - INFO:: Trying to validate form
2016-02-24 23:55:52,979 - INFO:: Logged on user golgoth successfully
2016-02-24 23:59:18,796 - INFO:: From failed to be validated
2016-02-24 23:59:23,579 - INFO:: Trying to validate form
2016-02-24 23:59:23,823 - INFO:: Logged on user golgoth successfully
2016-02-24 23:59:31,187 - INFO:: From failed to be validated
2016-02-24 23:59:36,000 - INFO:: Trying to validate form
2016-02-24 23:59:36,239 - INFO:: Logged on user golgoth successfully
2016-02-25 00:02:55,019 - INFO:: {}
2016-02-25 00:03:13,225 - INFO:: Trying to register new user <input id="username" name="username" type="text" value="golgoth">
2016-02-25 00:03:13,226 - INFO:: Username already used
2016-02-25 00:03:13,227 - INFO:: {'username': ['Username already used']}
2016-02-25 00:03:18,793 - INFO:: Trying to register new user <input id="username" name="username" type="text" value="golgothlt">
2016-02-25 00:03:18,793 - INFO:: {'password': [u'This field is required.']}
2016-02-25 00:03:29,382 - INFO:: Trying to register new user <input id="username" name="username" type="text" value="golgothlt">
2016-02-25 00:03:29,384 - INFO:: Creating new user  username : <golgothlt>, email: <adufco@hotmail.fr>
2016-02-25 00:03:29,625 - INFO:: From failed to be validated
2016-02-25 00:03:37,692 - INFO:: Trying to validate form
2016-02-25 00:03:37,933 - INFO:: Logged on user golgothlt successfully
2016-02-25 00:04:00,419 - INFO:: From failed to be validated
2016-02-25 00:04:06,767 - INFO:: Trying to validate form
2016-02-25 00:04:07,006 - INFO:: Logged on user golgothlt successfully
2016-02-25 00:05:05,803 - INFO:: From failed to be validated
2016-02-25 00:05:13,327 - INFO:: {}
2016-02-25 00:05:26,877 - INFO:: Trying to register new user <input id="username" name="username" type="text" value="dasdas">
2016-02-25 00:05:49,571 - INFO:: {}
2016-02-25 00:05:56,616 - INFO:: Trying to register new user <input id="username" name="username" type="text" value="dasdas">
2016-02-25 00:05:56,618 - INFO:: Email already used
2016-02-25 00:05:56,618 - INFO:: {'email': ['Email already used']}
2016-02-25 01:42:58,253 - INFO:: From failed to be validated
2016-02-25 01:43:02,620 - INFO:: Trying to validate form
2016-02-25 01:43:02,621 - INFO:: Invalid username entered
2016-02-25 01:43:02,621 - INFO:: From failed to be validated
2016-02-25 01:43:23,875 - INFO:: Trying to validate form
2016-02-25 01:43:23,876 - INFO:: Invalid username entered
2016-02-25 01:43:23,876 - INFO:: From failed to be validated
2016-02-25 01:45:29,273 - INFO:: From failed to be validated
2016-02-25 01:45:33,741 - INFO:: {}
2016-02-25 01:45:39,742 - INFO:: Trying to register new user <input id="username" name="username" type="text" value="golgoth">
2016-02-25 01:45:39,746 - INFO:: Email already used
2016-02-25 01:45:39,746 - INFO:: {'email': ['Email already used']}
2016-02-25 01:47:29,812 - INFO:: {}
2016-02-25 01:47:35,121 - INFO:: Trying to register new user golgoth
2016-02-25 01:47:35,124 - INFO:: Creating new user  username : <golgoth>, email: <adufco@hotmail.fr>
2016-02-25 01:47:35,375 - INFO:: From failed to be validated
2016-02-25 01:47:44,670 - INFO:: Trying to validate form
2016-02-25 01:48:12,897 - INFO:: From failed to be validated
2016-02-25 01:48:17,034 - INFO:: Trying to validate form
2016-02-25 01:48:17,275 - INFO:: Logged on user golgoth successfully
2016-02-25 01:48:51,618 - INFO:: From failed to be validated
2016-02-25 01:48:55,174 - INFO:: Trying to validate form
2016-02-25 01:48:55,417 - INFO:: Logged on user golgoth successfully
2016-02-25 01:49:10,768 - INFO:: From failed to be validated
2016-02-25 01:49:13,749 - INFO:: Trying to validate form
2016-02-25 01:49:13,989 - INFO:: Logged on user golgoth successfully
2016-02-25 01:51:04,167 - INFO:: From failed to be validated
2016-02-25 01:51:36,792 - INFO:: From failed to be validated
2016-02-25 01:51:40,860 - INFO:: From failed to be validated
2016-02-25 01:51:44,759 - INFO:: Trying to validate form
2016-02-25 01:51:45,000 - INFO:: Logged on user golgoth successfully
2016-02-25 01:52:19,589 - INFO:: From failed to be validated
2016-02-25 01:52:22,627 - INFO:: Trying to validate form
2016-02-25 01:52:22,869 - INFO:: Logged on user golgoth successfully
2016-02-25 02:31:42,065 - INFO:: From failed to be validated
2016-02-25 02:33:42,348 - INFO:: Trying to validate form
2016-02-25 02:33:42,598 - INFO:: Invalid password entered
2016-02-25 02:33:42,598 - INFO:: From failed to be validated
2016-02-25 02:34:01,157 - INFO:: Trying to validate form
2016-02-25 02:34:01,400 - INFO:: Logged on user golgoth successfully
2016-02-25 02:34:16,757 - INFO:: From failed to be validated
2016-02-25 02:34:20,375 - INFO:: Trying to validate form
2016-02-25 02:34:20,615 - INFO:: Logged on user golgoth successfully
2016-02-25 02:34:37,242 - INFO:: From failed to be validated
2016-02-25 02:34:40,422 - INFO:: Trying to validate form
2016-02-25 02:34:40,665 - INFO:: Logged on user golgoth successfully
2016-02-25 02:34:51,483 - INFO:: From failed to be validated
2016-02-25 02:34:57,507 - INFO:: Trying to validate form
2016-02-25 02:34:57,745 - INFO:: Logged on user golgoth successfully
2016-02-25 02:35:27,070 - INFO:: From failed to be validated
2016-02-25 02:35:30,129 - INFO:: Trying to validate form
2016-02-25 02:35:30,369 - INFO:: Logged on user golgoth successfully
2016-02-25 02:35:46,524 - INFO:: From failed to be validated
2016-02-25 02:35:49,773 - INFO:: Trying to validate form
2016-02-25 02:35:50,016 - INFO:: Logged on user golgoth successfully
2016-02-25 02:51:20,579 - INFO:: From failed to be validated
2016-02-25 02:51:24,014 - INFO:: Trying to validate form
2016-02-25 02:51:24,264 - INFO:: Logged on user golgoth successfully
2016-02-25 02:51:29,743 - INFO:: From failed to be validated
2016-02-25 02:51:32,092 - INFO:: Trying to validate form
2016-02-25 02:51:32,092 - INFO:: From failed to be validated
2016-02-25 02:52:25,468 - INFO:: From failed to be validated
2016-02-25 02:52:29,965 - INFO:: Trying to validate form
2016-02-25 02:52:30,212 - INFO:: Logged on user golgoth successfully
2016-02-25 02:52:33,880 - INFO:: From failed to be validated
2016-02-25 02:52:37,541 - INFO:: Trying to validate form
2016-02-25 02:52:37,542 - INFO:: Invalid username entered
2016-02-25 02:52:37,542 - INFO:: From failed to be validated
2016-02-25 02:53:06,028 - INFO:: From failed to be validated
2016-02-25 02:53:12,239 - INFO:: Trying to validate form
2016-02-25 02:53:12,483 - INFO:: Logged on user admin successfully
2016-02-25 02:53:44,268 - INFO:: From failed to be validated
2016-02-25 02:53:48,476 - INFO:: Trying to validate form
2016-02-25 02:53:48,722 - INFO:: Logged on user admin successfully
2016-02-25 02:54:49,374 - INFO:: From failed to be validated
2016-02-25 02:54:53,359 - INFO:: Trying to validate form
2016-02-25 02:54:53,600 - INFO:: Logged on user admin successfully
2016-02-25 02:55:06,795 - INFO:: From failed to be validated
2016-02-25 02:55:10,598 - INFO:: Trying to validate form
2016-02-25 02:55:10,838 - INFO:: Logged on user golgoth successfully
2016-02-25 02:56:05,207 - INFO:: From failed to be validated
2016-02-25 02:56:10,772 - INFO:: {}
2016-02-25 02:56:19,916 - INFO:: Trying to register new user golgoth
2016-02-25 02:56:19,918 - INFO:: Creating new user  username : <golgoth>, email: <adufco@hotmail.fr>
2016-02-25 02:56:20,158 - INFO:: From failed to be validated
2016-02-25 02:56:24,347 - INFO:: Trying to validate form
2016-02-25 02:56:24,586 - INFO:: Logged on user golgoth successfully
2016-02-25 02:58:08,428 - INFO:: From failed to be validated
2016-02-25 02:58:12,022 - INFO:: Trying to validate form
2016-02-25 02:58:12,262 - INFO:: Logged on user golgoth successfully
2016-02-25 02:58:28,312 - INFO:: From failed to be validated
2016-02-25 02:58:31,787 - INFO:: Trying to validate form
2016-02-25 02:58:32,049 - INFO:: Logged on user golgoth successfully
2016-02-25 02:58:47,440 - INFO:: From failed to be validated
2016-02-25 02:58:50,903 - INFO:: Trying to validate form
2016-02-25 02:58:51,144 - INFO:: Logged on user golgoth successfully
2016-02-25 02:58:53,847 - INFO:: From failed to be validated
2016-02-25 02:58:59,770 - INFO:: Trying to validate form
2016-02-25 02:59:00,012 - INFO:: Logged on user golgoth successfully
2016-02-25 02:59:02,415 - INFO:: From failed to be validated
2016-02-25 02:59:05,192 - INFO:: Trying to validate form
2016-02-25 02:59:05,436 - INFO:: Logged on user golgoth successfully
2016-02-25 03:05:07,630 - INFO:: From failed to be validated
2016-02-25 03:05:12,663 - INFO:: Trying to validate form
2016-02-25 03:05:12,911 - INFO:: Logged on user golgoth successfully
2016-02-25 03:05:17,336 - INFO:: From failed to be validated
2016-02-25 03:06:23,675 - INFO:: {}
2016-02-25 03:06:29,606 - INFO:: {}
2016-02-25 03:07:57,279 - INFO:: From failed to be validated
2016-02-25 03:08:00,706 - INFO:: Trying to validate form
2016-02-25 03:08:00,947 - INFO:: Logged on user golgoth successfully
2016-02-25 03:08:19,082 - INFO:: From failed to be validated
2016-02-25 03:08:26,683 - INFO:: Trying to validate form
2016-02-25 03:08:26,922 - INFO:: Logged on user golgoth successfully
2016-02-25 03:09:05,282 - INFO:: From failed to be validated
2016-02-25 03:41:09,874 - INFO:: {}
2016-02-25 03:41:30,341 - INFO:: Trying to register new user golgothLT
2016-02-25 03:41:30,347 - INFO:: Email already used
2016-02-25 03:41:30,348 - INFO:: {'email': ['Email already used']}
2016-02-25 03:44:46,723 - INFO:: Trying to register new user gOLGOTH
2016-02-25 03:44:46,724 - INFO:: {'csrf_token': ['CSRF token missing']}
2016-02-25 03:44:49,825 - INFO:: {}
2016-02-25 03:45:12,827 - INFO:: Trying to register new user golgothlt
2016-02-25 03:45:12,833 - INFO:: Creating new user  username : <golgothlt>, email: <adufco@hotmail.fr>
2016-02-25 03:45:13,092 - INFO:: From failed to be validated
2016-02-25 03:52:32,735 - INFO:: {}
2016-02-25 03:52:45,033 - INFO:: Trying to register new user golgoth
2016-02-25 03:52:45,038 - INFO:: Creating new user  username : <golgoth>, email: <adufco@hotmail.fr>
2016-02-25 03:52:45,290 - INFO:: From failed to be validated
2016-02-25 03:52:54,292 - INFO:: Trying to validate form
2016-02-25 03:52:54,539 - INFO:: Logged on user golgoth successfully
2016-02-25 03:53:17,646 - INFO:: From failed to be validated
2016-02-25 03:53:33,437 - INFO:: From failed to be validated
2016-02-25 03:53:36,502 - INFO:: Trying to validate form
2016-02-25 03:53:36,742 - INFO:: Logged on user golgoth successfully
2016-02-25 03:53:40,480 - INFO:: {}
2016-02-25 03:53:48,996 - INFO:: Trying to register new user Golgoth
2016-02-25 03:53:48,997 - INFO:: Username already used
2016-02-25 03:53:48,998 - INFO:: {'username': ['Username already used']}
2016-02-25 03:54:06,666 - INFO:: Trying to register new user GLTolgothLT
2016-02-25 03:54:06,666 - INFO:: {'password': [u'This field is required.']}
2016-02-25 03:54:14,351 - INFO:: Trying to register new user GLTolgothLT
2016-02-25 03:54:14,353 - INFO:: Email already used
2016-02-25 03:54:14,353 - INFO:: {'email': ['Email already used']}
2016-02-25 03:54:39,895 - INFO:: From failed to be validated
2016-02-25 03:54:39,987 - INFO:: From failed to be validated
2016-02-25 11:17:28,208 - INFO:: From failed to be validated
2016-02-25 11:17:39,227 - INFO:: Trying to validate form
2016-02-25 11:17:39,227 - INFO:: From failed to be validated
2016-02-25 11:17:44,783 - INFO:: Trying to validate form
2016-02-25 11:17:44,784 - INFO:: From failed to be validated
2016-02-25 11:17:52,785 - INFO:: {}
2016-02-25 11:17:59,050 - INFO:: Trying to register new user golgoth
2016-02-25 11:17:59,050 - INFO:: {'csrf_token': ['CSRF token missing']}
2016-02-25 11:18:20,636 - INFO:: Trying to register new user golgoth
2016-02-25 11:18:20,637 - INFO:: {'csrf_token': ['CSRF token missing']}
2016-02-25 11:18:23,248 - INFO:: {}
2016-02-25 11:18:31,348 - INFO:: Trying to register new user golgoth
2016-02-25 11:18:31,349 - INFO:: Username already used
2016-02-25 11:18:31,350 - INFO:: {'username': ['Username already used']}
2016-02-25 11:18:41,204 - INFO:: From failed to be validated
2016-02-25 11:18:45,347 - INFO:: Trying to validate form
2016-02-25 11:18:45,587 - INFO:: Logged on user golgoth successfully
2016-02-25 12:16:03,121 - INFO:: {}
2016-02-25 12:16:21,647 - INFO:: Trying to register new user darkness
2016-02-25 12:16:21,647 - INFO:: {'password': ['Passwords must match']}
2016-02-25 12:16:28,546 - INFO:: Trying to register new user darkness
2016-02-25 12:16:28,547 - INFO:: Creating new user  username : <darkness>, email: <adufco@hotm"ail.fr>
2016-02-25 12:16:28,788 - INFO:: From failed to be validated
2016-02-25 12:24:40,209 - DEBUG:: Thu Feb 25 12:24:40 2016	127.0.0.1	GET	http://0.0.0.0:8080/login		Cookie: session=eyJfZnJlc2giOmZhbHNlLCJjc3JmX3Rva2VuIjp7IiBiIjoiTmpJM09HRmpOVEV6TkRZMU56ZzRNMlkzTkRCbVlXVTNZMlF6TUROaU4yWTVOR0ZrTm1abU1RPT0ifX0.CbCCHA.Gosb_AAeou1oDoHpl46e3VJfOxY, Content-Length: , User-Agent: Mozilla/5.0 (X11; Ubuntu; Linux x86_64; rv:30.0) Gecko/20100101 Firefox/30.0, Connection: keep-alive, Host: 0.0.0.0:8080, Accept: text/html,application/xhtml+xml,application/xml;q=0.9,*/*;q=0.8, Accept-Language: en-US,en;q=0.5, Content-Type: , Accept-Encoding: gzip, deflate
2016-02-25 12:24:40,210 - INFO:: From failed to be validated
2016-02-25 12:24:44,083 - DEBUG:: Thu Feb 25 12:24:44 2016	127.0.0.1	POST	http://0.0.0.0:8080/login		Referer: http://0.0.0.0:8080/login, Content-Length: 102, User-Agent: Mozilla/5.0 (X11; Ubuntu; Linux x86_64; rv:30.0) Gecko/20100101 Firefox/30.0, Connection: keep-alive, Cookie: session=eyJjc3JmX3Rva2VuIjp7IiBiIjoiTm1SaE1Ea3dNR1k0TnpaaVltTTFNVGMzWWpJMU9EUTJOVFkxWW1KaU1XUTBNR1kyTmpkbU9RPT0ifX0.CbCECA.bnspk1AqBzbFY8XGdZz5zj_lYUs, Host: 0.0.0.0:8080, Accept: text/html,application/xhtml+xml,application/xml;q=0.9,*/*;q=0.8, Accept-Language: en-US,en;q=0.5, Content-Type: application/x-www-form-urlencoded, Accept-Encoding: gzip, deflate
2016-02-25 12:24:44,083 - INFO:: Trying to validate form
2016-02-25 12:24:44,323 - INFO:: Logged on user golgoth successfully
2016-02-25 12:24:44,328 - DEBUG:: Thu Feb 25 12:24:44 2016	127.0.0.1	GET	http://0.0.0.0:8080/		Referer: http://0.0.0.0:8080/login, Content-Length: , User-Agent: Mozilla/5.0 (X11; Ubuntu; Linux x86_64; rv:30.0) Gecko/20100101 Firefox/30.0, Connection: keep-alive, Cookie: session=.eJx1UF1rwkAQ_CvlnkVM1IcGhLacWoXdEHt63BURTaK5XC6WfKBe8b_3RCl96dOyO7O7M_NNNvtiW2dpTYLPb_LU3MuOBGTHVzb2J6WMRiNy7TymbPpcSn-lZ9Oinb2jJ3ws4j6ahJ_r9GPgmOvruuOuVmmdkaCp2tR1KiHB44CwsRfS2EouhkATHXLMgb4OwSw00LlCPu4h00PwoQccM5FLI_K3HCwaNCstWZYBXeQhF1aapQfU7ZulRRr54VQMgEoFFi4hm-Ro5o4XXcAmBdDDOWTLM_KFQnbwpBmfQgYDwaMT2JUR9mCBznxgiXYaraT6ZpvEdbXfNEedlr8W0CycBH0C9w6tVMKAByzui3zmrEU-MuEJM1fAo57j-JgnJrynSFSSlo1qLt1t22Sb5vKVkqBsi-IPcguLbJN2Hx9fsmNjtqro7ivSIW2dVpt_0OsPWQOYUA.CbCEDA.YNPtL-Fw7CEKcN68ksJZKontjWk, Host: 0.0.0.0:8080, Accept: text/html,application/xhtml+xml,application/xml;q=0.9,*/*;q=0.8, Accept-Language: en-US,en;q=0.5, Content-Type: , Accept-Encoding: gzip, deflate
2016-02-25 12:25:30,367 - INFO:: From failed to be validated
2016-02-25 12:25:36,431 - INFO:: Trying to validate form
2016-02-25 12:25:36,673 - INFO:: Logged on user golgoth successfully
2016-02-25 12:27:07,003 - DEBUG:: Thu Feb 25 12:27:07 2016	127.0.0.1	GET	http://0.0.0.0:8080/logout	
2016-02-25 12:27:07,006 - DEBUG:: Thu Feb 25 12:27:07 2016	127.0.0.1	GET	http://0.0.0.0:8080/login?next=%2Flogout	
2016-02-25 12:27:07,007 - INFO:: From failed to be validated
2016-02-25 12:27:14,219 - DEBUG:: Thu Feb 25 12:27:14 2016	127.0.0.1	POST	http://0.0.0.0:8080/login	
2016-02-25 12:27:14,220 - INFO:: Trying to validate form
2016-02-25 12:27:14,459 - INFO:: Logged on user golgoth successfully
2016-02-25 12:27:14,465 - DEBUG:: Thu Feb 25 12:27:14 2016	127.0.0.1	GET	http://0.0.0.0:8080/	
2016-02-25 12:31:04,228 - DEBUG:: Thu Feb 25 12:31:04 2016, 127.0.0.1, GET, http://0.0.0.0:8080/list_ts, , Referer: http://0.0.0.0:8080/, Content-Length: , User-Agent: Mozilla/5.0 (X11; Ubuntu; Linux x86_64; rv:30.0) Gecko/20100101 Firefox/30.0, Connection: keep-alive, Host: 0.0.0.0:8080, Accept: text/html,application/xhtml+xml,application/xml;q=0.9,*/*;q=0.8, Accept-Language: en-US,en;q=0.5, Content-Type: , Accept-Encoding: gzip, deflate
2016-02-25 12:31:07,082 - DEBUG:: Thu Feb 25 12:31:07 2016, 127.0.0.1, GET, http://0.0.0.0:8080/, , Content-Length: , User-Agent: Mozilla/5.0 (X11; Ubuntu; Linux x86_64; rv:30.0) Gecko/20100101 Firefox/30.0, Connection: keep-alive, Host: 0.0.0.0:8080, Accept: text/html,application/xhtml+xml,application/xml;q=0.9,*/*;q=0.8, Accept-Language: en-US,en;q=0.5, Content-Type: , Accept-Encoding: gzip, deflate
2016-02-25 12:31:37,459 - DEBUG:: Thu Feb 25 12:31:37 2016, 127.0.0.1, GET, http://0.0.0.0:8080/login, , User-Agent: Mozilla/5.0 (X11; Ubuntu; Linux x86_64; rv:30.0) Gecko/20100101 Firefox/30.0
2016-02-25 12:31:37,460 - INFO:: From failed to be validated
2016-02-25 12:31:41,279 - DEBUG:: Thu Feb 25 12:31:41 2016, 127.0.0.1, POST, http://0.0.0.0:8080/login, , User-Agent: Mozilla/5.0 (X11; Ubuntu; Linux x86_64; rv:30.0) Gecko/20100101 Firefox/30.0
2016-02-25 12:31:41,279 - INFO:: Trying to validate form
2016-02-25 12:31:41,521 - INFO:: Logged on user golgoth successfully
2016-02-25 12:31:41,525 - DEBUG:: Thu Feb 25 12:31:41 2016, 127.0.0.1, GET, http://0.0.0.0:8080/, , User-Agent: Mozilla/5.0 (X11; Ubuntu; Linux x86_64; rv:30.0) Gecko/20100101 Firefox/30.0
